Determining if the pthread_create exist failed with the following output:
Change Dir: /home/jetson/Desktop/HugoWorkfolder/undistorted-line-recognition/CMakeFiles/CMakeTmp

Run Build Command:"/usr/bin/make" "cmTC_66b04/fast"
/usr/bin/make -f CMakeFiles/cmTC_66b04.dir/build.make CMakeFiles/cmTC_66b04.dir/build
make[1]: Entering directory '/home/jetson/Desktop/HugoWorkfolder/undistorted-line-recognition/CMakeFiles/CMakeTmp'
Building C object CMakeFiles/cmTC_66b04.dir/CheckSymbolExists.c.o
/usr/bin/cc   -fPIC    -o CMakeFiles/cmTC_66b04.dir/CheckSymbolExists.c.o   -c /home/jetson/Desktop/HugoWorkfolder/undistorted-line-recognition/CMakeFiles/CMakeTmp/CheckSymbolExists.c
Linking C executable cmTC_66b04
/usr/bin/cmake -E cmake_link_script CMakeFiles/cmTC_66b04.dir/link.txt --verbose=1
/usr/bin/cc -fPIC     -rdynamic CMakeFiles/cmTC_66b04.dir/CheckSymbolExists.c.o  -o cmTC_66b04 
CMakeFiles/cmTC_66b04.dir/CheckSymbolExists.c.o: In function `main':
CheckSymbolExists.c:(.text+0x14): undefined reference to `pthread_create'
CheckSymbolExists.c:(.text+0x18): undefined reference to `pthread_create'
collect2: error: ld returned 1 exit status
CMakeFiles/cmTC_66b04.dir/build.make:97: recipe for target 'cmTC_66b04' failed
make[1]: *** [cmTC_66b04] Error 1
make[1]: Leaving directory '/home/jetson/Desktop/HugoWorkfolder/undistorted-line-recognition/CMakeFiles/CMakeTmp'
Makefile:126: recipe for target 'cmTC_66b04/fast' failed
make: *** [cmTC_66b04/fast] Error 2

File /home/jetson/Desktop/HugoWorkfolder/undistorted-line-recognition/CMakeFiles/CMakeTmp/CheckSymbolExists.c:
/* */
#include <pthread.h>

int main(int argc, char** argv)
{
  (void)argv;
#ifndef pthread_create
  return ((int*)(&pthread_create))[argc];
#else
  (void)argc;
  return 0;
#endif
}

Determining if the function pthread_create exists in the pthreads failed with the following output:
Change Dir: /home/jetson/Desktop/HugoWorkfolder/undistorted-line-recognition/CMakeFiles/CMakeTmp

Run Build Command:"/usr/bin/make" "cmTC_dfdfc/fast"
/usr/bin/make -f CMakeFiles/cmTC_dfdfc.dir/build.make CMakeFiles/cmTC_dfdfc.dir/build
make[1]: Entering directory '/home/jetson/Desktop/HugoWorkfolder/undistorted-line-recognition/CMakeFiles/CMakeTmp'
Building C object CMakeFiles/cmTC_dfdfc.dir/CheckFunctionExists.c.o
/usr/bin/cc   -fPIC -DCHECK_FUNCTION_EXISTS=pthread_create   -o CMakeFiles/cmTC_dfdfc.dir/CheckFunctionExists.c.o   -c /usr/share/cmake-3.10/Modules/CheckFunctionExists.c
Linking C executable cmTC_dfdfc
/usr/bin/cmake -E cmake_link_script CMakeFiles/cmTC_dfdfc.dir/link.txt --verbose=1
/usr/bin/cc -fPIC -DCHECK_FUNCTION_EXISTS=pthread_create    -rdynamic CMakeFiles/cmTC_dfdfc.dir/CheckFunctionExists.c.o  -o cmTC_dfdfc -lpthreads 
/usr/bin/ld: cannot find -lpthreads
collect2: error: ld returned 1 exit status
CMakeFiles/cmTC_dfdfc.dir/build.make:97: recipe for target 'cmTC_dfdfc' failed
make[1]: *** [cmTC_dfdfc] Error 1
make[1]: Leaving directory '/home/jetson/Desktop/HugoWorkfolder/undistorted-line-recognition/CMakeFiles/CMakeTmp'
Makefile:126: recipe for target 'cmTC_dfdfc/fast' failed
make: *** [cmTC_dfdfc/fast] Error 2


